<?xml version="1.0" encoding="UTF-8"?>
<testsuite xmlns:xsi="http://www.w3.org/2001/XMLSchema-instance" xsi:noNamespaceSchemaLocation="https://maven.apache.org/surefire/maven-surefire-plugin/xsd/surefire-test-report.xsd" name="controller.TesteFuncionarios" time="1.267" tests="31" errors="0" skipped="0" failures="0">
  <properties>
[...]
</properties>
  <testcase name="testBuscarAndarMock" classname="controller.TesteFuncionarios" time="0.04"/>
  <testcase name="testThrowExceptionExcluir" classname="controller.TesteFuncionarios" time="0.036"/>
  <testcase name="testThrowExceptionCadastro" classname="controller.TesteFuncionarios" time="0.039"/>
  <testcase name="testCadastroFuncionariosValidos" classname="controller.TesteFuncionarios" time="0.044"/>
  <testcase name="testThrowExceptiosGetFuncionarios" classname="controller.TesteFuncionarios" time="0.044"/>
  <testcase name="testPesquisarFuncionariosInvalida" classname="controller.TesteFuncionarios" time="0.042"/>
  <testcase name="testEditarFuncionariosValidos" classname="controller.TesteFuncionarios" time="0.045"/>
  <testcase name="testPesquisarFuncionariosVazio" classname="controller.TesteFuncionarios" time="0.037"/>
  <testcase name="testEditarAndarMock" classname="controller.TesteFuncionarios" time="0.036"/>
  <testcase name="testThrowExceptionEditar" classname="controller.TesteFuncionarios" time="0.038"/>
  <testcase name="testExcluirAndarMock" classname="controller.TesteFuncionarios" time="0.037"/>
  <testcase name="testPesquisarFuncionariosValida" classname="controller.TesteFuncionarios" time="0.04"/>
  <testcase name="testExcluirFuncionariosValido" classname="controller.TesteFuncionarios" time="0.049"/>
  <testcase name="testValidaCadatroEmailErradoMock" classname="controller.TesteFuncionarios" time="0.043"/>
  <testcase name="testThrowExceptiosValidaLogin" classname="controller.TesteFuncionarios" time="0.042"/>
  <testcase name="testNenhumFuncionariosSelecionadoParaEditar" classname="controller.TesteFuncionarios" time="0.043"/>
  <testcase name="testThrowExceptionPesquisaFuncionarios" classname="controller.TesteFuncionarios" time="0.034"/>
  <testcase name="testThrowExceptiosLoginInvalido" classname="controller.TesteFuncionarios" time="0.033"/>
  <testcase name="testThrowExceptiosListaFuncionarios" classname="controller.TesteFuncionarios" time="0.044"/>
  <testcase name="testThrowExceptiosListaLoginsInvalidos" classname="controller.TesteFuncionarios" time="0.035"/>
  <testcase name="testCadastrarAndarMock" classname="controller.TesteFuncionarios" time="0.045"/>
  <testcase name="testThrowExceptiosListaFuncionariosInvalidos" classname="controller.TesteFuncionarios" time="0.036"/>
  <testcase name="testThrowExceptiosGetFuncionariosInvalidos" classname="controller.TesteFuncionarios" time="0.035"/>
  <testcase name="testCadastroFuncionariosCamposVazios" classname="controller.TesteFuncionarios" time="0.036"/>
  <testcase name="testFuncionarioNaoExisteParaExcluir" classname="controller.TesteFuncionarios" time="0.038"/>
  <testcase name="testValidaEditarEmailErradoMock" classname="controller.TesteFuncionarios" time="0.039"/>
  <testcase name="testThrowExceptiosListarFuncionarios" classname="controller.TesteFuncionarios" time="0.044"/>
  <testcase name="testNenhumFuncionarioSelecionadoParaExcluir" classname="controller.TesteFuncionarios" time="0.039"/>
  <testcase name="testEditarFuncionariosCamposVazios" classname="controller.TesteFuncionarios" time="0.052"/>
  <testcase name="testThrowExceptiosListaNomesInvalidos" classname="controller.TesteFuncionarios" time="0.042"/>
  <testcase name="testThrowExceptiosNomesFuncionarios" classname="controller.TesteFuncionarios" time="0.041"/>
</testsuite>