<?xml version="1.0" encoding="UTF-8"?>
<testsuite xmlns:xsi="http://www.w3.org/2001/XMLSchema-instance" xsi:noNamespaceSchemaLocation="https://maven.apache.org/surefire/maven-surefire-plugin/xsd/surefire-test-report.xsd" name="controller.TesteFuncionarios" time="3.884" tests="29" errors="0" skipped="0" failures="0">
  <properties>
[...]
</properties>
  <testcase name="testBuscarAndarMock" classname="controller.TesteFuncionarios" time="0.351"/>
  <testcase name="testThrowExceptionExcluir" classname="controller.TesteFuncionarios" time="0.101"/>
  <testcase name="testThrowExceptionCadastro" classname="controller.TesteFuncionarios" time="0.089"/>
  <testcase name="testCadastroFuncionariosValidos" classname="controller.TesteFuncionarios" time="0.132"/>
  <testcase name="testThrowExceptiosGetFuncionarios" classname="controller.TesteFuncionarios" time="0.13"/>
  <testcase name="testPesquisarFuncionariosInvalida" classname="controller.TesteFuncionarios" time="0.109"/>
  <testcase name="testEditarFuncionariosValidos" classname="controller.TesteFuncionarios" time="0.099"/>
  <testcase name="testPesquisarFuncionariosVazio" classname="controller.TesteFuncionarios" time="0.101"/>
  <testcase name="testEditarAndarMock" classname="controller.TesteFuncionarios" time="0.099"/>
  <testcase name="testThrowExceptionEditar" classname="controller.TesteFuncionarios" time="0.112"/>
  <testcase name="testExcluirAndarMock" classname="controller.TesteFuncionarios" time="0.087"/>
  <testcase name="testPesquisarFuncionariosValida" classname="controller.TesteFuncionarios" time="0.081"/>
  <testcase name="testExcluirFuncionariosValido" classname="controller.TesteFuncionarios" time="0.079"/>
  <testcase name="testThrowExceptiosValidaLogin" classname="controller.TesteFuncionarios" time="0.098"/>
  <testcase name="testNenhumFuncionariosSelecionadoParaEditar" classname="controller.TesteFuncionarios" time="0.086"/>
  <testcase name="testThrowExceptionPesquisaFuncionarios" classname="controller.TesteFuncionarios" time="0.082"/>
  <testcase name="testThrowExceptiosLoginInvalido" classname="controller.TesteFuncionarios" time="0.083"/>
  <testcase name="testThrowExceptiosListaFuncionarios" classname="controller.TesteFuncionarios" time="0.082"/>
  <testcase name="testThrowExceptiosListaLoginsInvalidos" classname="controller.TesteFuncionarios" time="0.076"/>
  <testcase name="testCadastrarAndarMock" classname="controller.TesteFuncionarios" time="0.076"/>
  <testcase name="testThrowExceptiosListaFuncionariosInvalidos" classname="controller.TesteFuncionarios" time="0.085"/>
  <testcase name="testThrowExceptiosGetFuncionariosInvalidos" classname="controller.TesteFuncionarios" time="0.083"/>
  <testcase name="testCadastroFuncionariosCamposVazios" classname="controller.TesteFuncionarios" time="0.094"/>
  <testcase name="testFuncionarioNaoExisteParaExcluir" classname="controller.TesteFuncionarios" time="0.118"/>
  <testcase name="testThrowExceptiosListarFuncionarios" classname="controller.TesteFuncionarios" time="0.183"/>
  <testcase name="testNenhumFuncionarioSelecionadoParaExcluir" classname="controller.TesteFuncionarios" time="0.088"/>
  <testcase name="testEditarFuncionariosCamposVazios" classname="controller.TesteFuncionarios" time="0.093"/>
  <testcase name="testThrowExceptiosListaNomesInvalidos" classname="controller.TesteFuncionarios" time="0.078"/>
  <testcase name="testThrowExceptiosNomesFuncionarios" classname="controller.TesteFuncionarios" time="0.077"/>
</testsuite>