<?xml version="1.0" encoding="UTF-8"?>
<testsuite xmlns:xsi="http://www.w3.org/2001/XMLSchema-instance" xsi:noNamespaceSchemaLocation="https://maven.apache.org/surefire/maven-surefire-plugin/xsd/surefire-test-report.xsd" name="controller.TesteReserva" time="13.187" tests="57" errors="0" skipped="0" failures="0">
  <properties>
[...]
</properties>
  <testcase name="testCpfInvalido" classname="controller.TesteReserva" time="0.168"/>
  <testcase name="testeEditarReservaMockQuartoIdMenorUm" classname="controller.TesteReserva" time="0.15"/>
  <testcase name="testeEditarReservaMockDocEmpty" classname="controller.TesteReserva" time="0.119"/>
  <testcase name="testeEditarReservaMockDocNulll" classname="controller.TesteReserva" time="0.151"/>
  <testcase name="testeBuscarNomeDocumentoReservas" classname="controller.TesteReserva" time="0.229"/>
  <testcase name="testeCadastroReservaMock" classname="controller.TesteReserva" time="2.035"/>
  <testcase name="testeBuscaReservasNomeDocCliMock" classname="controller.TesteReserva" time="0.167"/>
  <testcase name="testeBuscaReservasNumQuartoMenorUm" classname="controller.TesteReserva" time="0.113"/>
  <testcase name="testeCadastroReservaMockContatoEmpty" classname="controller.TesteReserva" time="0.127"/>
  <testcase name="testeEditarReservaMockContatoNull" classname="controller.TesteReserva" time="0.117"/>
  <testcase name="testeCadastroReservaMockNomeEmpty" classname="controller.TesteReserva" time="0.154"/>
  <testcase name="testeCadastroReservaMockNomeNulll" classname="controller.TesteReserva" time="0.264"/>
  <testcase name="testValidaCadastroReservaContatoErrado" classname="controller.TesteReserva" time="0.27"/>
  <testcase name="testeEditarReservaMock" classname="controller.TesteReserva" time="0.136"/>
  <testcase name="testCpfValido" classname="controller.TesteReserva" time="0.81"/>
  <testcase name="testDataMaiorQue14Dias" classname="controller.TesteReserva" time="0.694"/>
  <testcase name="testeBuscaReservasEntradaQuartoMock" classname="controller.TesteReserva" time="0.117"/>
  <testcase name="testeExcluirReservaMockQuartoIdMenorUm" classname="controller.TesteReserva" time="0.133"/>
  <testcase name="testeCadastroReservaMockFuncIdMenorUm" classname="controller.TesteReserva" time="0.12"/>
  <testcase name="testeBuscarTodasReservas" classname="controller.TesteReserva" time="0.172"/>
  <testcase name="testeCadastroReservaMockDocEmpty" classname="controller.TesteReserva" time="0.123"/>
  <testcase name="testeCadastroReservaMockDocNulll" classname="controller.TesteReserva" time="0.178"/>
  <testcase name="testeEditarReservaMockContatoEmptyFormatacao" classname="controller.TesteReserva" time="0.124"/>
  <testcase name="testeEditarReservaMockNomeEmpty" classname="controller.TesteReserva" time="0.125"/>
  <testcase name="testeEditarReservaMockNomeNulll" classname="controller.TesteReserva" time="0.108"/>
  <testcase name="testeEditarReservas" classname="controller.TesteReserva" time="0.133"/>
  <testcase name="testeBuscarDocumentoReservas" classname="controller.TesteReserva" time="0.278"/>
  <testcase name="testeExcluirReservaMock" classname="controller.TesteReserva" time="0.125"/>
  <testcase name="testeBuscaTodasReservasMock" classname="controller.TesteReserva" time="0.135"/>
  <testcase name="testeExcluirReservaMockEntradaEmptyFormatacao" classname="controller.TesteReserva" time="0.194"/>
  <testcase name="testeCadastroReservaMockContatoEmptyFormatacao" classname="controller.TesteReserva" time="0.113"/>
  <testcase name="testeCadastroReservas" classname="controller.TesteReserva" time="0.218"/>
  <testcase name="testeBuscaReservasNomeCliMock" classname="controller.TesteReserva" time="0.11"/>
  <testcase name="testeBuscarSaidaQuartoReservas" classname="controller.TesteReserva" time="0.121"/>
  <testcase name="testeCadastroReservaMockQuartoIdMenorUm" classname="controller.TesteReserva" time="0.102"/>
  <testcase name="testeEditarReservaMockEntradaEmpty" classname="controller.TesteReserva" time="0.112"/>
  <testcase name="testeCadastroReservaMockEntradaNull" classname="controller.TesteReserva" time="0.115"/>
  <testcase name="testeBuscaReservasEntradaSaidaQuartoMock" classname="controller.TesteReserva" time="0.111"/>
  <testcase name="testValidaEditarReservaContatoErrado" classname="controller.TesteReserva" time="0.109"/>
  <testcase name="testDataValida" classname="controller.TesteReserva" time="0.063"/>
  <testcase name="testeExcluirReservaMockEntradaNull" classname="controller.TesteReserva" time="0.112"/>
  <testcase name="testeBuscaReservasSaidaQuartoMock" classname="controller.TesteReserva" time="0.125"/>
  <testcase name="testeBuscarNomeReservas" classname="controller.TesteReserva" time="0.192"/>
  <testcase name="testeBuscarEntradaSaidaQuartoReservas" classname="controller.TesteReserva" time="0.198"/>
  <testcase name="testeCadastroReservaMockEntradaEmpty" classname="controller.TesteReserva" time="0.208"/>
  <testcase name="testDataInicioAnteriorADataAtual" classname="controller.TesteReserva" time="0.855"/>
  <testcase name="testeEditarReservaMockEntradaEmptyFormatacao" classname="controller.TesteReserva" time="0.232"/>
  <testcase name="testConvertStringDate" classname="controller.TesteReserva" time="0.166"/>
  <testcase name="testeExcluirReservaMockEntradaEmpty" classname="controller.TesteReserva" time="0.134"/>
  <testcase name="testeCadastroReservaMockContatoNull" classname="controller.TesteReserva" time="0.117"/>
  <testcase name="testeEditarReservaMockEntradaNull" classname="controller.TesteReserva" time="0.105"/>
  <testcase name="testeCadastroReservaMockEntradaEmptyFormatacao" classname="controller.TesteReserva" time="0.18"/>
  <testcase name="testeEditarReservaMockContatoEmpty" classname="controller.TesteReserva" time="0.104"/>
  <testcase name="testDataFimAnteriorADataInicio" classname="controller.TesteReserva" time="0.554"/>
  <testcase name="testeBuscarEntradaQuartoReservas" classname="controller.TesteReserva" time="0.133"/>
  <testcase name="testDataFimIgualADataInicio" classname="controller.TesteReserva" time="0.624"/>
  <testcase name="testeBuscaReservasDocCliMock" classname="controller.TesteReserva" time="0.116"/>
</testsuite>