<?xml version="1.0" encoding="UTF-8"?>
<testsuite xmlns:xsi="http://www.w3.org/2001/XMLSchema-instance" xsi:noNamespaceSchemaLocation="https://maven.apache.org/surefire/maven-surefire-plugin/xsd/surefire-test-report.xsd" name="controller.TesteGerenciaAndar" time="4.954" tests="18" errors="0" skipped="0" failures="0">
  <properties>
[...]
</properties>
  <testcase name="testBuscarAndarMock" classname="controller.TesteGerenciaAndar" time="0.418"/>
  <testcase name="testThrowsExceptionExclusao" classname="controller.TesteGerenciaAndar" time="0.081"/>
  <testcase name="testCadastraQtdQuartoInvalido" classname="controller.TesteGerenciaAndar" time="0.269"/>
  <testcase name="testCadastraExistenteAndarQuartoValido" classname="controller.TesteGerenciaAndar" time="0.393"/>
  <testcase name="testExcluirAndarMock" classname="controller.TesteGerenciaAndar" time="0.17"/>
  <testcase name="testBuscaTodosAndar" classname="controller.TesteGerenciaAndar" time="0.321"/>
  <testcase name="testBuscaAndarNumInvalido" classname="controller.TesteGerenciaAndar" time="0.283"/>
  <testcase name="testBuscaAndarValido" classname="controller.TesteGerenciaAndar" time="0.213"/>
  <testcase name="testCadastrarAndarMock" classname="controller.TesteGerenciaAndar" time="0.205"/>
  <testcase name="testBuscaAndarInvalido" classname="controller.TesteGerenciaAndar" time="0.214"/>
  <testcase name="testExcluiAndar" classname="controller.TesteGerenciaAndar" time="0.242"/>
  <testcase name="testExcluiAndarInexistente" classname="controller.TesteGerenciaAndar" time="0.299"/>
  <testcase name="testThrowsExceptionCadastrar" classname="controller.TesteGerenciaAndar" time="0.077"/>
  <testcase name="testCadastraQtdAndarInvalido" classname="controller.TesteGerenciaAndar" time="0.19"/>
  <testcase name="testThrowsExceptionBuscarIdAndarInvalido" classname="controller.TesteGerenciaAndar" time="0.063"/>
  <testcase name="testCadastraAndarQuartoInvalido" classname="controller.TesteGerenciaAndar" time="0.183"/>
  <testcase name="testThrowsExceptionBuscarIdAndar" classname="controller.TesteGerenciaAndar" time="0.08"/>
  <testcase name="testCadastraNovoAndarQuartoValido" classname="controller.TesteGerenciaAndar" time="0.355"/>
</testsuite>